<?xml version="1.0" encoding="UTF-8"?>
<!-- Generated by org.testng.reporters.JUnitReportReporter -->
<testsuite hostname="DESKTOP-C3CR4CN" failures="0" tests="4" name="com.test.airline.proj.TestContols" time="1.547" errors="0" timestamp="2022-11-02T15:04:00 WET" skipped="0">
  <testcase classname="com.test.airline.proj.TestContols" name="getAllFlight" time="1.136"/>
  <system-out/>
  <testcase classname="com.test.airline.proj.TestContols" name="getFlight_Departure_Arrival" time="0.270"/>
  <system-out/>
  <testcase classname="com.test.airline.proj.TestContols" name="getFlight_Departure_OnlySelectedCity" time="0.110"/>
  <system-out/>
  <testcase classname="com.test.airline.proj.TestContols" name="getFlight_Departure" time="0.031"/>
  <system-out/>
</testsuite> <!-- com.test.airline.proj.TestContols -->
